app/build/intermediates/manifest_merge_blame_file/debug/manifest-merger-blame-debug-report.txt
1<?xml version="1.0" encoding="utf-8"?>
2<manifest xmlns:android="http://schemas.android.com/apk/res/android"
3    package="com.example.appcamping"
4    android:versionCode="1"
5    android:versionName="1.0" >
6
7    <uses-sdk
8        android:minSdkVersion="21"
8-->src\main\AndroidManifest.xml
9        android:targetSdkVersion="29" />
9-->src\main\AndroidManifest.xml
10    <!--
11         The ACCESS_COARSE/FINE_LOCATION permissions are not required to use
12         Google Maps Android API v2, but you must specify either coarse or fine
13         location permissions for the 'MyLocation' functionality.
14    -->
15    <uses-permission android:name="android.permission.ACCESS_FINE_LOCATION" />
15-->src\main\AndroidManifest.xml:9:5-79
15-->src\main\AndroidManifest.xml:9:22-76
16    <uses-permission android:name="android.permission.CALL_PHONE" />
16-->src\main\AndroidManifest.xml:10:5-69
16-->src\main\AndroidManifest.xml:10:22-66
17    <uses-permission android:name="android.permission.INTERNET" />
17-->src\main\AndroidManifest.xml:11:5-67
17-->src\main\AndroidManifest.xml:11:22-64
18    <uses-permission android:name="android.permission.READ_EXTERNAL_STORAGE" />
18-->src\main\AndroidManifest.xml:12:5-80
18-->src\main\AndroidManifest.xml:12:22-77
19
20    <!-- Although the *SdkVersion is captured in gradle build files, this is required for non gradle builds -->
21    <!-- <uses-sdk android:minSdkVersion="14"/> -->
22    <uses-permission android:name="android.permission.ACCESS_NETWORK_STATE" />
22-->[com.google.firebase:firebase-database:18.0.0] AndroidManifest.xml:25:5-79
22-->[com.google.firebase:firebase-database:18.0.0] AndroidManifest.xml:25:22-76
23
24    <uses-feature
24-->[com.google.android.gms:play-services-maps:16.1.0] AndroidManifest.xml:26:5-28:35
25        android:glEsVersion="0x00020000"
25-->[com.google.android.gms:play-services-maps:16.1.0] AndroidManifest.xml:27:9-41
26        android:required="true" />
26-->[com.google.android.gms:play-services-maps:16.1.0] AndroidManifest.xml:28:9-32
27
28    <uses-permission android:name="android.permission.WAKE_LOCK" /> <!-- Required by older versions of Google Play services to create IID tokens -->
28-->[com.google.android.gms:play-services-measurement-api:17.0.0] AndroidManifest.xml:24:5-68
28-->[com.google.android.gms:play-services-measurement-api:17.0.0] AndroidManifest.xml:24:22-65
29    <uses-permission android:name="com.google.android.c2dm.permission.RECEIVE" />
29-->[com.google.firebase:firebase-iid:19.0.0] AndroidManifest.xml:26:5-82
29-->[com.google.firebase:firebase-iid:19.0.0] AndroidManifest.xml:26:22-79
30    <uses-permission android:name="com.google.android.finsky.permission.BIND_GET_INSTALL_REFERRER_SERVICE" />
30-->[com.google.android.gms:play-services-measurement:17.0.0] AndroidManifest.xml:26:5-110
30-->[com.google.android.gms:play-services-measurement:17.0.0] AndroidManifest.xml:26:22-107
31
32    <application
32-->src\main\AndroidManifest.xml:14:5-79:19
33        android:allowBackup="true"
33-->src\main\AndroidManifest.xml:15:9-35
34        android:appComponentFactory="androidx.core.app.CoreComponentFactory"
34-->[androidx.core:core:1.1.0] AndroidManifest.xml:24:18-86
35        android:debuggable="true"
36        android:icon="@mipmap/ic_launcher"
36-->src\main\AndroidManifest.xml:16:9-43
37        android:label="@string/app_name"
37-->src\main\AndroidManifest.xml:17:9-41
38        android:roundIcon="@mipmap/ic_launcher_round"
38-->src\main\AndroidManifest.xml:18:9-54
39        android:supportsRtl="true"
39-->src\main\AndroidManifest.xml:19:9-35
40        android:testOnly="true"
41        android:theme="@style/AppTheme" >
41-->src\main\AndroidManifest.xml:20:9-40
42        <activity android:name="com.example.appcamping.ContactoActivity" />
42-->src\main\AndroidManifest.xml:21:9-63
42-->src\main\AndroidManifest.xml:21:19-51
43        <activity android:name="com.example.appcamping.Gestion.MostrarReservas" />
43-->src\main\AndroidManifest.xml:22:9-61
43-->src\main\AndroidManifest.xml:22:19-58
44        <activity android:name="com.example.appcamping.Gestion.EnviarMostrarGastos" />
44-->src\main\AndroidManifest.xml:23:9-65
44-->src\main\AndroidManifest.xml:23:19-62
45        <activity android:name="com.example.appcamping.ShowData" />
45-->src\main\AndroidManifest.xml:24:9-46
45-->src\main\AndroidManifest.xml:24:19-43
46        <activity android:name="com.example.appcamping.Gestion.AccionesAdminActivity" />
46-->src\main\AndroidManifest.xml:25:9-67
46-->src\main\AndroidManifest.xml:25:19-64
47        <activity android:name="com.example.appcamping.Gestion.AddFechasTemporada" />
47-->src\main\AndroidManifest.xml:26:9-64
47-->src\main\AndroidManifest.xml:26:19-61
48        <activity android:name="com.example.appcamping.ReservasActivity" />
48-->src\main\AndroidManifest.xml:27:9-54
48-->src\main\AndroidManifest.xml:27:19-51
49        <!--
50             The API key for Google Maps-based APIs is defined as a string resource.
51             (See the file "res/values/google_maps_api.xml").
52             Note that the API key is linked to the encryption key used to sign the APK.
53             You need a different API key for each encryption key, including the release key that is used to
54             sign the APK for publishing.
55             You can define the keys for the debug and release targets in src/debug/ and src/release/.
56        -->
57        <meta-data
57-->src\main\AndroidManifest.xml:36:9-38:55
58            android:name="com.google.android.geo.API_KEY"
58-->src\main\AndroidManifest.xml:37:13-58
59            android:value="@string/google_maps_key" />
59-->src\main\AndroidManifest.xml:38:13-52
60
61        <activity
61-->src\main\AndroidManifest.xml:40:9-42:67
62            android:name="com.example.appcamping.MapsInteresActivity"
62-->src\main\AndroidManifest.xml:41:13-48
63            android:label="@string/title_activity_maps_interes" />
63-->src\main\AndroidManifest.xml:42:13-64
64        <activity android:name="com.example.appcamping.EnviarEventos" />
64-->src\main\AndroidManifest.xml:43:9-51
64-->src\main\AndroidManifest.xml:43:19-48
65        <activity android:name="com.example.appcamping.Perfil" />
65-->src\main\AndroidManifest.xml:44:9-44
65-->src\main\AndroidManifest.xml:44:19-41
66
67        <meta-data
67-->src\main\AndroidManifest.xml:46:9-48:68
68            android:name="com.google.firebase.messaging.default_notification_icon"
68-->src\main\AndroidManifest.xml:47:13-83
69            android:resource="@drawable/ic_stat_ic_notification" />
69-->src\main\AndroidManifest.xml:48:13-65
70        <meta-data
70-->src\main\AndroidManifest.xml:49:9-51:67
71            android:name="com.google.firebase.messaging.default_notification_color"
71-->src\main\AndroidManifest.xml:50:13-84
72            android:resource="@android:color/holo_orange_light" />
72-->src\main\AndroidManifest.xml:51:13-64
73        <meta-data
73-->src\main\AndroidManifest.xml:52:9-54:71
74            android:name="com.google.firebase.messaing.default_notification_channel_id"
74-->src\main\AndroidManifest.xml:53:13-88
75            android:value="@string/default_notification_channel_id" />
75-->src\main\AndroidManifest.xml:54:13-68
76
77        <activity
77-->src\main\AndroidManifest.xml:56:9-58:59
78            android:name="com.example.appcamping.MapsActivity"
78-->src\main\AndroidManifest.xml:57:13-41
79            android:label="@string/title_activity_maps" />
79-->src\main\AndroidManifest.xml:58:13-56
80        <activity android:name="com.example.appcamping.RecuperarActivity" />
80-->src\main\AndroidManifest.xml:59:9-55
80-->src\main\AndroidManifest.xml:59:19-52
81        <activity android:name="com.example.appcamping.InformacionActivity" />
81-->src\main\AndroidManifest.xml:60:9-57
81-->src\main\AndroidManifest.xml:60:19-54
82        <activity android:name="com.example.appcamping.IniciadoActivity" />
82-->src\main\AndroidManifest.xml:61:9-54
82-->src\main\AndroidManifest.xml:61:19-51
83        <activity android:name="com.example.appcamping.LoginActivity" />
83-->src\main\AndroidManifest.xml:62:9-51
83-->src\main\AndroidManifest.xml:62:19-48
84        <activity android:name="com.example.appcamping.RegistroActivity" />
84-->src\main\AndroidManifest.xml:63:9-54
84-->src\main\AndroidManifest.xml:63:19-51
85        <activity android:name="com.example.appcamping.MainActivity" >
85-->src\main\AndroidManifest.xml:64:9-70:20
85-->src\main\AndroidManifest.xml:64:19-47
86            <intent-filter>
86-->src\main\AndroidManifest.xml:65:13-69:29
87                <action android:name="android.intent.action.MAIN" />
87-->src\main\AndroidManifest.xml:66:17-69
87-->src\main\AndroidManifest.xml:66:25-66
88
89                <category android:name="android.intent.category.LAUNCHER" />
89-->src\main\AndroidManifest.xml:68:17-77
89-->src\main\AndroidManifest.xml:68:27-74
90            </intent-filter>
91        </activity>
92
93        <service
93-->src\main\AndroidManifest.xml:72:9-78:19
94            android:name="com.example.appcamping.MyFirebaseMessagingService"
94-->src\main\AndroidManifest.xml:73:13-55
95            android:exported="false" >
95-->src\main\AndroidManifest.xml:74:13-37
96            <intent-filter>
96-->src\main\AndroidManifest.xml:75:13-77:29
97                <action android:name="com.google.firebase.MESSAGING_EVENT" />
97-->src\main\AndroidManifest.xml:76:17-78
97-->src\main\AndroidManifest.xml:76:25-75
98            </intent-filter>
99        </service>
100
101        <activity
101-->[com.google.firebase:firebase-auth:18.0.0] AndroidManifest.xml:24:9-31:50
102            android:name="com.google.firebase.auth.internal.FederatedSignInActivity"
102-->[com.google.firebase:firebase-auth:18.0.0] AndroidManifest.xml:25:13-85
103            android:excludeFromRecents="true"
103-->[com.google.firebase:firebase-auth:18.0.0] AndroidManifest.xml:26:13-46
104            android:exported="true"
104-->[com.google.firebase:firebase-auth:18.0.0] AndroidManifest.xml:27:13-36
105            android:launchMode="singleTask"
105-->[com.google.firebase:firebase-auth:18.0.0] AndroidManifest.xml:28:13-44
106            android:permission="com.google.firebase.auth.api.gms.permission.LAUNCH_FEDERATED_SIGN_IN"
106-->[com.google.firebase:firebase-auth:18.0.0] AndroidManifest.xml:29:13-102
107            android:theme="@android:style/Theme.Translucent.NoTitleBar" />
107-->[com.google.firebase:firebase-auth:18.0.0] AndroidManifest.xml:30:13-72
108
109        <service
109-->[com.google.firebase:firebase-auth:18.0.0] AndroidManifest.xml:33:9-39:19
110            android:name="com.google.firebase.components.ComponentDiscoveryService"
110-->[com.google.firebase:firebase-auth:18.0.0] AndroidManifest.xml:34:13-84
111            android:exported="false" >
111-->[com.google.firebase:firebase-auth:18.0.0] AndroidManifest.xml:35:13-37
112            <meta-data
112-->[com.google.firebase:firebase-auth:18.0.0] AndroidManifest.xml:36:13-38:85
113                android:name="com.google.firebase.components:com.google.firebase.auth.FirebaseAuthRegistrar"
113-->[com.google.firebase:firebase-auth:18.0.0] AndroidManifest.xml:37:17-109
114                android:value="com.google.firebase.components.ComponentRegistrar" />
114-->[com.google.firebase:firebase-auth:18.0.0] AndroidManifest.xml:38:17-82
115            <meta-data
115-->[com.google.firebase:firebase-database:18.0.0] AndroidManifest.xml:30:13-32:85
116                android:name="com.google.firebase.components:com.google.firebase.database.DatabaseRegistrar"
116-->[com.google.firebase:firebase-database:18.0.0] AndroidManifest.xml:31:17-109
117                android:value="com.google.firebase.components.ComponentRegistrar" />
117-->[com.google.firebase:firebase-database:18.0.0] AndroidManifest.xml:32:17-82
118            <meta-data
118-->[com.google.firebase:firebase-storage:18.0.0] AndroidManifest.xml:31:13-33:85
119                android:name="com.google.firebase.components:com.google.firebase.storage.StorageRegistrar"
119-->[com.google.firebase:firebase-storage:18.0.0] AndroidManifest.xml:32:17-107
120                android:value="com.google.firebase.components.ComponentRegistrar" />
120-->[com.google.firebase:firebase-storage:18.0.0] AndroidManifest.xml:33:17-82
121            <meta-data
121-->[com.google.android.gms:play-services-measurement-api:17.0.0] AndroidManifest.xml:30:13-32:85
122                android:name="com.google.firebase.components:com.google.firebase.analytics.connector.internal.AnalyticsConnectorRegistrar"
122-->[com.google.android.gms:play-services-measurement-api:17.0.0] AndroidManifest.xml:31:17-139
123                android:value="com.google.firebase.components.ComponentRegistrar" />
123-->[com.google.android.gms:play-services-measurement-api:17.0.0] AndroidManifest.xml:32:17-82
124            <meta-data
124-->[com.google.firebase:firebase-iid:19.0.0] AndroidManifest.xml:32:13-34:85
125                android:name="com.google.firebase.components:com.google.firebase.iid.Registrar"
125-->[com.google.firebase:firebase-iid:19.0.0] AndroidManifest.xml:33:17-96
126                android:value="com.google.firebase.components.ComponentRegistrar" />
126-->[com.google.firebase:firebase-iid:19.0.0] AndroidManifest.xml:34:17-82
127        </service>
128
129        <activity
129-->[com.google.android.gms:play-services-auth:16.0.1] AndroidManifest.xml:23:9-27:75
130            android:name="com.google.android.gms.auth.api.signin.internal.SignInHubActivity"
130-->[com.google.android.gms:play-services-auth:16.0.1] AndroidManifest.xml:24:13-93
131            android:excludeFromRecents="true"
131-->[com.google.android.gms:play-services-auth:16.0.1] AndroidManifest.xml:25:13-46
132            android:exported="false"
132-->[com.google.android.gms:play-services-auth:16.0.1] AndroidManifest.xml:26:13-37
133            android:theme="@android:style/Theme.Translucent.NoTitleBar" />
133-->[com.google.android.gms:play-services-auth:16.0.1] AndroidManifest.xml:27:13-72
134        <!--
135            Service handling Google Sign-In user revocation. For apps that do not integrate with
136            Google Sign-In, this service will never be started.
137        -->
138        <service
138-->[com.google.android.gms:play-services-auth:16.0.1] AndroidManifest.xml:33:9-36:110
139            android:name="com.google.android.gms.auth.api.signin.RevocationBoundService"
139-->[com.google.android.gms:play-services-auth:16.0.1] AndroidManifest.xml:34:13-89
140            android:exported="true"
140-->[com.google.android.gms:play-services-auth:16.0.1] AndroidManifest.xml:35:13-36
141            android:permission="com.google.android.gms.auth.api.signin.permission.REVOCATION_NOTIFICATION" /> <!-- Needs to be explicitly declared on P+ -->
141-->[com.google.android.gms:play-services-auth:16.0.1] AndroidManifest.xml:36:13-107
142        <uses-library
142-->[com.google.android.gms:play-services-maps:16.1.0] AndroidManifest.xml:33:9-35:40
143            android:name="org.apache.http.legacy"
143-->[com.google.android.gms:play-services-maps:16.1.0] AndroidManifest.xml:34:13-50
144            android:required="false" />
144-->[com.google.android.gms:play-services-maps:16.1.0] AndroidManifest.xml:35:13-37
145        <!--
146             FirebaseMessagingService performs security checks at runtime,
147             but set to not exported to explicitly avoid allowing another app to call it.
148        -->
149        <service
149-->[com.google.firebase:firebase-messaging:19.0.0] AndroidManifest.xml:28:9-34:19
150            android:name="com.google.firebase.messaging.FirebaseMessagingService"
150-->[com.google.firebase:firebase-messaging:19.0.0] AndroidManifest.xml:29:13-82
151            android:exported="false" >
151-->[com.google.firebase:firebase-messaging:19.0.0] AndroidManifest.xml:30:13-37
152            <intent-filter android:priority="-500" >
152-->src\main\AndroidManifest.xml:75:13-77:29
153                <action android:name="com.google.firebase.MESSAGING_EVENT" />
153-->src\main\AndroidManifest.xml:76:17-78
153-->src\main\AndroidManifest.xml:76:25-75
154            </intent-filter>
155        </service>
156
157        <receiver
157-->[com.google.firebase:firebase-iid:19.0.0] AndroidManifest.xml:37:9-44:20
158            android:name="com.google.firebase.iid.FirebaseInstanceIdReceiver"
158-->[com.google.firebase:firebase-iid:19.0.0] AndroidManifest.xml:38:13-78
159            android:exported="true"
159-->[com.google.firebase:firebase-iid:19.0.0] AndroidManifest.xml:39:13-36
160            android:permission="com.google.android.c2dm.permission.SEND" >
160-->[com.google.firebase:firebase-iid:19.0.0] AndroidManifest.xml:40:13-73
161            <intent-filter>
161-->[com.google.firebase:firebase-iid:19.0.0] AndroidManifest.xml:41:13-43:29
162                <action android:name="com.google.android.c2dm.intent.RECEIVE" />
162-->[com.google.firebase:firebase-iid:19.0.0] AndroidManifest.xml:42:17-81
162-->[com.google.firebase:firebase-iid:19.0.0] AndroidManifest.xml:42:25-78
163            </intent-filter>
164        </receiver>
165
166        <activity
166-->[com.google.android.gms:play-services-base:17.0.0] AndroidManifest.xml:23:9-26:75
167            android:name="com.google.android.gms.common.api.GoogleApiActivity"
167-->[com.google.android.gms:play-services-base:17.0.0] AndroidManifest.xml:24:13-79
168            android:exported="false"
168-->[com.google.android.gms:play-services-base:17.0.0] AndroidManifest.xml:25:13-37
169            android:theme="@android:style/Theme.Translucent.NoTitleBar" />
169-->[com.google.android.gms:play-services-base:17.0.0] AndroidManifest.xml:26:13-72
170
171        <provider
171-->[com.google.firebase:firebase-common:18.0.0] AndroidManifest.xml:12:9-16:39
172            android:name="com.google.firebase.provider.FirebaseInitProvider"
172-->[com.google.firebase:firebase-common:18.0.0] AndroidManifest.xml:13:13-77
173            android:authorities="com.example.appcamping.firebaseinitprovider"
173-->[com.google.firebase:firebase-common:18.0.0] AndroidManifest.xml:14:13-72
174            android:exported="false"
174-->[com.google.firebase:firebase-common:18.0.0] AndroidManifest.xml:15:13-37
175            android:initOrder="100" />
175-->[com.google.firebase:firebase-common:18.0.0] AndroidManifest.xml:16:13-36
176
177        <receiver
177-->[com.google.android.gms:play-services-measurement:17.0.0] AndroidManifest.xml:29:9-33:20
178            android:name="com.google.android.gms.measurement.AppMeasurementReceiver"
178-->[com.google.android.gms:play-services-measurement:17.0.0] AndroidManifest.xml:30:13-85
179            android:enabled="true"
179-->[com.google.android.gms:play-services-measurement:17.0.0] AndroidManifest.xml:31:13-35
180            android:exported="false" >
180-->[com.google.android.gms:play-services-measurement:17.0.0] AndroidManifest.xml:32:13-37
181        </receiver>
182        <receiver
182-->[com.google.android.gms:play-services-measurement:17.0.0] AndroidManifest.xml:34:9-42:20
183            android:name="com.google.android.gms.measurement.AppMeasurementInstallReferrerReceiver"
183-->[com.google.android.gms:play-services-measurement:17.0.0] AndroidManifest.xml:35:13-100
184            android:enabled="true"
184-->[com.google.android.gms:play-services-measurement:17.0.0] AndroidManifest.xml:36:13-35
185            android:exported="true"
185-->[com.google.android.gms:play-services-measurement:17.0.0] AndroidManifest.xml:37:13-36
186            android:permission="android.permission.INSTALL_PACKAGES" >
186-->[com.google.android.gms:play-services-measurement:17.0.0] AndroidManifest.xml:38:13-69
187            <intent-filter>
187-->[com.google.android.gms:play-services-measurement:17.0.0] AndroidManifest.xml:39:13-41:29
188                <action android:name="com.android.vending.INSTALL_REFERRER" />
188-->[com.google.android.gms:play-services-measurement:17.0.0] AndroidManifest.xml:40:17-79
188-->[com.google.android.gms:play-services-measurement:17.0.0] AndroidManifest.xml:40:25-76
189            </intent-filter>
190        </receiver>
191
192        <service
192-->[com.google.android.gms:play-services-measurement:17.0.0] AndroidManifest.xml:44:9-47:40
193            android:name="com.google.android.gms.measurement.AppMeasurementService"
193-->[com.google.android.gms:play-services-measurement:17.0.0] AndroidManifest.xml:45:13-84
194            android:enabled="true"
194-->[com.google.android.gms:play-services-measurement:17.0.0] AndroidManifest.xml:46:13-35
195            android:exported="false" />
195-->[com.google.android.gms:play-services-measurement:17.0.0] AndroidManifest.xml:47:13-37
196        <service
196-->[com.google.android.gms:play-services-measurement:17.0.0] AndroidManifest.xml:48:9-52:72
197            android:name="com.google.android.gms.measurement.AppMeasurementJobService"
197-->[com.google.android.gms:play-services-measurement:17.0.0] AndroidManifest.xml:49:13-87
198            android:enabled="true"
198-->[com.google.android.gms:play-services-measurement:17.0.0] AndroidManifest.xml:50:13-35
199            android:exported="false"
199-->[com.google.android.gms:play-services-measurement:17.0.0] AndroidManifest.xml:51:13-37
200            android:permission="android.permission.BIND_JOB_SERVICE" />
200-->[com.google.android.gms:play-services-measurement:17.0.0] AndroidManifest.xml:52:13-69
201
202        <meta-data
202-->[com.google.android.gms:play-services-basement:17.0.0] AndroidManifest.xml:23:9-25:69
203            android:name="com.google.android.gms.version"
203-->[com.google.android.gms:play-services-basement:17.0.0] AndroidManifest.xml:24:13-58
204            android:value="@integer/google_play_services_version" />
204-->[com.google.android.gms:play-services-basement:17.0.0] AndroidManifest.xml:25:13-66
205
206        <provider
206-->[androidx.lifecycle:lifecycle-process:2.0.0] AndroidManifest.xml:23:9-27:43
207            android:name="androidx.lifecycle.ProcessLifecycleOwnerInitializer"
207-->[androidx.lifecycle:lifecycle-process:2.0.0] AndroidManifest.xml:24:13-79
208            android:authorities="com.example.appcamping.lifecycle-process"
208-->[androidx.lifecycle:lifecycle-process:2.0.0] AndroidManifest.xml:25:13-69
209            android:exported="false"
209-->[androidx.lifecycle:lifecycle-process:2.0.0] AndroidManifest.xml:26:13-37
210            android:multiprocess="true" />
210-->[androidx.lifecycle:lifecycle-process:2.0.0] AndroidManifest.xml:27:13-40
211    </application>
212
213</manifest>